make --dry-run --always-make --keep-going --print-directory
make: Entering directory `/Users/mfuhrman/CPP1/ex06'
c++    -c -o main.o main.cpp
c++    -c -o Harl.o Harl.cpp
echo '\033[92m' "--Loading--" '\033[3m'
sleep 0.2
echo '\033[92m' "|#         |"
sleep 0.2
echo '\033[92m' "|##        |"
sleep 0.2
echo '\033[92m' "|###       |"
sleep 0.2
echo '\033[92m' "|####      |"
sleep 0.2
echo '\033[92m' "|#####     |"
sleep 0.2
echo '\033[92m' "|######    |"
sleep 0.2
echo '\033[92m' "|#######   |"
sleep 0.2
echo '\033[92m' "|########  |"
sleep 0.2
echo '\033[92m' "|######### |"
sleep 0.2
echo '\033[92m' "|##########|" '\033[3m'
g++ -Wall -Wextra -Werror -std=c++98 main.cpp Harl.cpp -o harlFilter
echo '\033[92m' "harlFilter was created ! " '\033[3m'
make: Leaving directory `/Users/mfuhrman/CPP1/ex06'
 
