make --dry-run --always-make --keep-going --print-directory
make: Entering directory `/Users/mfuhrman/CPP0/ex00'
c++    -c -o megaphone.o megaphone.cpp
 
echo '\033[92m' " --Loading-- " '\033[3m' 
sleep 0.2
echo '\033[92m' "|#        |"
sleep 0.2
echo '\033[92m' "|##       |"
sleep 0.2
echo '\033[92m' "|###      |"
sleep 0.2
echo '\033[92m' "|####     |"
sleep 0.2
echo '\033[92m' "|#####    |"
sleep 0.2
echo '\033[92m' "|######   |"
sleep 0.2
echo '\033[92m' "|#######  |"
sleep 0.2
echo '\033[92m' "|######## |"
sleep 0.2
echo '\033[92m' "|#########|" '\033[3m'
g++ -Wall -Wextra -Werror -std=c++98 megaphone.cpp  -o megaphone
echo  '\033[92m' " megaphone was created !" '\033[3m'
make: Leaving directory `/Users/mfuhrman/CPP0/ex00'
 
