make all --print-data-base --no-builtin-variables --no-builtin-rules --question
# GNU Make 3.81
# Copyright (C) 2006  Free Software Foundation, Inc.
# This is free software; see the source for copying conditions.
# There is NO warranty; not even for MERCHANTABILITY or FITNESS FOR A
# PARTICULAR PURPOSE.

# This program built for i386-apple-darwin11.3.0
 

# Make data base, printed on Sun Aug 14 13:51:40 2022

# Variables

# automatic
<D = $(patsubst %/,%,$(dir $<))
# automatic
?F = $(notdir $?)
# makefile (from `Makefile', line 3)
OBJ = $(SRC:.cpp=.o)
# makefile (from `Makefile', line 2)
SRC = megaphone.cpp 
# environment
VSCODE_LOG_NATIVE = false
# automatic
?D = $(patsubst %/,%,$(dir $?))
# automatic
@D = $(patsubst %/,%,$(dir $@))
# automatic
@F = $(notdir $@)
# makefile
CURDIR := /Users/mfuhrman/CPP0/ex00
# makefile
SHELL = /bin/sh
# environment
VSCODE_NLS_CONFIG = {"locale":"en-us","availableLanguages":{},"_languagePackSupport":true}
# environment
_ = /usr/bin/make
# makefile (from `Makefile', line 1)
MAKEFILE_LIST :=  Makefile
# environment
VSCODE_VERBOSE_LOGGING = true
# environment
VSCODE_IPC_HOOK_EXTHOST = /var/folders/zz/zyxvpxvq6csfxvn_n000cb440032s1/T/vscode-ipc-b17612df-ef2b-499c-b6a8-2c09b05b9a73.sock
# environment
VSCODE_CWD = /
# environment
PATH = /Users/mfuhrman/.brew/bin:/Users/mfuhrman/.brew/bin:/Users/mfuhrman/.brew/bin:/Users/mfuhrman/.brew/bin:/usr/local/bin:/usr/bin:/bin:/usr/sbin:/sbin:/usr/local/munki:/Library/Apple/usr/bin
# environment
C_INCLUDE_PATH = /Users/mfuhrman/.brew/include:/usr/local/opt/readline/include:
# environment
LIBRARY_PATH = /Users/mfuhrman/.brew/lib:/Users/mfuhrman/.brew/lib:/usr/local/opt/readline/lib:
# environment
LaunchInstanceID = 22EB2E8A-5363-4908-8AEF-3817F12D9671
# environment
VSCODE_LOG_STACK = false
# environment
ELECTRON_RUN_AS_NODE = 1
# default
.FEATURES := target-specific order-only second-expansion else-if archives jobserver check-symlink
# environment
SSH_AUTH_SOCK = /private/tmp/com.apple.launchd.o1X3S68to9/Listeners
# automatic
%F = $(notdir $%)
# environment
HOMEBREW_TEMP = /tmp/mfuhrman/Homebrew/Temp
# environment
VSCODE_PIPE_LOGGING = true
# environment
PWD = /Users/mfuhrman/CPP0/ex00
# environment
ORIGINAL_XDG_CURRENT_DESKTOP = undefined
# makefile (from `Makefile', line 6)
GREEN = '\033[92m'
# environment
VSCODE_AMD_ENTRYPOINT = vs/workbench/api/node/extensionHostProcess
# environment
HOME = /Users/mfuhrman
# default
MAKEFILEPATH := /Applications/Xcode.app/Contents/Developer/Makefiles
# environment
VSCODE_CODE_CACHE_PATH = /Users/mfuhrman/Library/Application Support/Code/CachedData/30d9c6cd9483b2cc586687151bcbcd635f373630
# environment
LOGNAME = mfuhrman
# environment
APPLICATION_INSIGHTS_NO_DIAGNOSTIC_CHANNEL = 1
# environment
VSCODE_HANDLES_UNCAUGHT_ERRORS = true
# automatic
^D = $(patsubst %/,%,$(dir $^))
# environment
XPC_FLAGS = 0x0
# default
MAKE = $(MAKE_COMMAND)
# default
MAKECMDGOALS := all
# environment
HOMEBREW_CACHE = /tmp/mfuhrman/Homebrew/Caches
# environment
SHLVL = 1
# default
MAKE_VERSION := 3.81
# environment
USER = mfuhrman
# makefile
.DEFAULT_GOAL := all
# makefile (from `Makefile', line 1)
NAME = megaphone
# automatic
%D = $(patsubst %/,%,$(dir $%))
# default
MAKE_COMMAND := /Applications/Xcode.app/Contents/Developer/usr/bin/make
# default
.VARIABLES := 
# environment
TMPDIR = /var/folders/zz/zyxvpxvq6csfxvn_n000cb440032s1/T/
# automatic
*F = $(notdir $*)
# makefile (from `Makefile', line 8)
NONE = '\033[3m'
# environment
VSCODE_IPC_HOOK = /Users/mfuhrman/Library/Application Support/Code/1.68.1-main.sock
# makefile (from `Makefile', line 7)
RED = '\033[91m'
# makefile
MAKEFLAGS = Rrqp
# environment
MFLAGS = -Rrqp
# automatic
*D = $(patsubst %/,%,$(dir $*))
# environment
XPC_SERVICE_NAME = com.apple.xpc.launchd.oneshot.0x10000002.Electron
# automatic
+D = $(patsubst %/,%,$(dir $+))
# automatic
+F = $(notdir $+)
# environment
__CF_USER_TEXT_ENCODING = 0x18B21:0x0:0x0
# environment
COMMAND_MODE = unix2003
# default
MAKEFILES := 
# automatic
<F = $(notdir $<)
# environment
LC_ALL = C
# environment
SECURITYSESSIONID = 186a7
# automatic
^F = $(notdir $^)
# default
SUFFIXES := 
# makefile (from `Makefile', line 4)
FLAGS = -Wall -Wextra -Werror -std=c++98
# default
.INCLUDE_DIRS = /usr/local/include
# environment
MAKELEVEL := 0
# environment
LANG = C
# environment
VSCODE_PID = 4229
# variable set hash-table stats:
# Load=74/1024=7%, Rehash=0, Collisions=5/103=5%

# Pattern-specific Variable Values

# No pattern-specific variable values.

# Directories

# . (device 16777225, inode 3443851): 5 files, 1 impossibilities.

# 5 files, 1 impossibilities in 1 directories.

# Implicit Rules

%.o: %.c
#  commands to execute (from `Makefile', line 37):
	g++ -c $(FLAGS) $< -o $@
	

# 1 implicit rules, 0 (0.0%) terminal.

# Files

all: megaphone
#  Phony target (prerequisite of .PHONY).
#  Command-line target.
#  Implicit rule search has not been done.
#  File does not exist.
#  File has not been updated.
# variable set hash-table stats:
# Load=0/32=0%, Rehash=0, Collisions=0/0=0%

.PHONY: all clean fclean re test
#  Implicit rule search has not been done.
#  Modification time never checked.
#  File has not been updated.

# Not a target:
.SUFFIXES:
#  Implicit rule search has not been done.
#  Modification time never checked.
#  File has not been updated.

# Not a target:
Makefile:
#  Implicit rule search has been done.
#  Last modified 2022-08-11 15:56:19
#  File has been updated.
#  Successfully updated.
# variable set hash-table stats:
# Load=0/32=0%, Rehash=0, Collisions=0/0=0%

test: all
#  Phony target (prerequisite of .PHONY).
#  Implicit rule search has not been done.
#  File does not exist.
#  File has not been updated.
#  commands to execute (from `Makefile', line 71):
	./$(NAME) Damnit " ! " "Sorry students, I thought this thing was off."
	

# Not a target:
megaphone.cpp:
#  Implicit rule search has been done.
#  Last modified 2022-08-14 09:32:41
#  File has been updated.
#  Successfully updated.
# variable set hash-table stats:
# Load=0/32=0%, Rehash=0, Collisions=0/0=0%

fclean: clean
#  Phony target (prerequisite of .PHONY).
#  Implicit rule search has not been done.
#  File does not exist.
#  File has not been updated.
#  commands to execute (from `Makefile', line 63):
	@echo $(RED) "Deleting --$(NAME)-- " $(NONE)
	@rm -rf $(NAME)
	@echo $(RED) "$(NAME) was deleted !" $(NONE)
	

# Not a target:
.DEFAULT:
#  Implicit rule search has not been done.
#  Modification time never checked.
#  File has not been updated.

re: fclean all
#  Phony target (prerequisite of .PHONY).
#  Implicit rule search has not been done.
#  File does not exist.
#  File has not been updated.

clean:
#  Phony target (prerequisite of .PHONY).
#  Implicit rule search has not been done.
#  File does not exist.
#  File has not been updated.
#  commands to execute (from `Makefile', line 40):
	@echo $(RED) " --Deleting-- " $(NONE)
	@sleep 0.2
	@echo $(RED) "|#        |"
	@sleep 0.2
	@echo $(RED) "|##       |"
	@sleep 0.2
	@echo $(RED) "|###      |"
	@sleep 0.2
	@echo $(RED) "|####     |"
	@sleep 0.2
	@echo $(RED) "|#####    |"
	@sleep 0.2
	@echo $(RED) "|######   |"
	@sleep 0.2
	@echo $(RED) "|#######  |"
	@sleep 0.2
	@echo $(RED) "|######## |"
	@sleep 0.2
	@echo $(RED) "|#########|" $(NONE)
	@rm -rf $(OBJ)
	@echo $(RED) "objects was deleted" $(NONE)
	

megaphone: megaphone.cpp megaphone.o
#  Implicit rule search has not been done.
#  File does not exist.
#  File has not been updated.
# variable set hash-table stats:
# Load=0/32=0%, Rehash=0, Collisions=0/0=0%
#  commands to execute (from `Makefile', line 14):
	@echo $(GREEN) " --Loading-- " $(NONE) 
	@sleep 0.2
	@echo $(GREEN) "|#        |"
	@sleep 0.2
	@echo $(GREEN) "|##       |"
	@sleep 0.2
	@echo $(GREEN) "|###      |"
	@sleep 0.2
	@echo $(GREEN) "|####     |"
	@sleep 0.2
	@echo $(GREEN) "|#####    |"
	@sleep 0.2
	@echo $(GREEN) "|######   |"
	@sleep 0.2
	@echo $(GREEN) "|#######  |"
	@sleep 0.2
	@echo $(GREEN) "|######## |"
	@sleep 0.2
	@echo $(GREEN) "|#########|" $(NONE)
	@g++ $(FLAGS) $(SRC) -o $(NAME)
	@echo  $(GREEN) " $(NAME) was created !" $(NONE)
	

# Not a target:
megaphone.o:
#  Implicit rule search has been done.
#  File does not exist.
#  File has not been updated.
# variable set hash-table stats:
# Load=0/32=0%, Rehash=0, Collisions=0/0=0%

# files hash-table stats:
# Load=12/1024=1%, Rehash=0, Collisions=0/39=0%
# VPATH Search Paths

# No `vpath' search paths.

# No general (`VPATH' variable) search path.

# # of strings in strcache: 1
# # of strcache buffers: 1
 
make: *** No rule to make target `megaphone.o', needed by `megaphone'.  Stop.

# strcache size: total = 4096 / max = 4096 / min = 4096 / avg = 4096
# strcache free: total = 4087 / max = 4087 / min = 4087 / avg = 4087

# Finished Make data base on Sun Aug 14 13:51:40 2022

 
